


ARM Macro Assembler    Page 1 


    1 00000000         ;*------------------------------------------------------
                       -------------
    2 00000000         ;* Name:     lab_4_program.s 
    3 00000000         ;* Purpose:  A sample style for lab-4
    4 00000000         ;* Term:  Winter 2013
    5 00000000         ;*------------------------------------------------------
                       -------------
    6 00000000                 THUMB                        ; Declare THUMB ins
                                                            truction set 
    7 00000000                 AREA             My_code, CODE, READONLY ; 
    8 00000000                 EXPORT           __MAIN      ; Label __MAIN is u
                                                            sed externally 
    9 00000000                 EXPORT           EINT3_IRQHandler
   10 00000000                 ENTRY
   11 00000000         
   12 00000000         __MAIN
   13 00000000         
   14 00000000         ; The following lines are similar to previous labs.
   15 00000000         ; They just turn off all LEDs 
   16 00000000 F8DF A118       LDR              R10, =LED_BASE_ADR ; R10 is a  
                                                            pointer to the base
                                                             address for the LE
                                                            Ds
   17 00000004 F04F 4330       MOV              R3, #0xB0000000
   18 00000008 F8CA 3020       STR              R3, [r10, #0x20] ; Turn off thr
                                                            ee LEDs on port 1
   19 0000000C F04F 037C       MOV              R3, #0x0000007C
   20 00000010 F8CA 3040       STR              R3, [R10, #0x40] ; Turn off fiv
                                                            e LEDs on port 2 
   21 00000014         
   22 00000014 4B42            LDR              R3, =ISER0  ; Enable the EINT3 
                                                            channel
   23 00000016 F240 0400 
              F2C0 0420        MOV32            R4, #0x00200000 
                                                            ; Set the 19th bit 
                                                            
   24 0000001E 601C            STR              R4, [R3]
   25 00000020         
   26 00000020 4B40            LDR              R3, =IO2IntEnf ; Enable port fo
                                                            r the falling edge 
                                                            of the button
   27 00000022 F44F 6480       MOV              R4, #0x0400 ; Set the 10th bit
   28 00000026 601C            STR              R4, [R3]
   29 00000028         
   30 00000028         
   31 00000028         
   32 00000028         ; This line is very important in your main program
   33 00000028         ; Initializes R11 to a 16-bit non-zero value and NOTHING
                        else can write to R11 !!
   34 00000028 F64A 3BCD       MOV              R11, #0xABCD ; Init the random 
                                                            number generator wi
                                                            th a non-zero numbe
                                                            r
   35 0000002C         LOOP
   36 0000002C F000 F819       BL               RNG
   37 00000030         
   38 00000030         ; flickers the lights with a delay of 100ms
   39 00000030         
   40 00000030 F04F 4330       MOV              R3, #0xB0000000



ARM Macro Assembler    Page 2 


   41 00000034 F8CA 303C       STR              R3, [R10, #0x3C] ; Turn off thr
                                                            ee LEDs on port 1
   42 00000038 F04F 037C       MOV              R3, #0x0000007C
   43 0000003C F8CA 305C       STR              R3, [R10, #0x5C] ; Turn off fiv
                                                            e LEDs on port 2 
   44 00000040         
   45 00000040 F04F 0001       MOV              R0, #1      ; Call delay for 10
                                                            0ms
   46 00000044 F000 F829       BL               DELAY
   47 00000048         
   48 00000048 F04F 4330       MOV              R3, #0xB0000000
   49 0000004C F8CA 3038       STR              R3, [R10, #0x38] ; Turn on thre
                                                            e LEDs on port 1 
   50 00000050 F04F 037C       MOV              R3, #0x0000007C
   51 00000054 F8CA 3058       STR              R3, [R10, #0x58] ; Turn on five
                                                             LEDs on port 2 
   52 00000058         
   53 00000058 F04F 0001       MOV              R0, #1
   54 0000005C F000 F81D       BL               DELAY
   55 00000060         
   56 00000060 E7E4            B                LOOP
   57 00000062         
   58 00000062         
   59 00000062         ;*------------------------------------------------------
                       ------------- 
   60 00000062         ; Subroutine RNG ... Generates a pseudo-Random Number in
                        R11 
   61 00000062         ;*------------------------------------------------------
                       ------------- 
   62 00000062         ; R11 holds a random number as per the Linear feedback s
                       hift register (Fibonacci) on WikiPedia
   63 00000062         ; R11 MUST be initialized to a non-zero 16-bit value at 
                       the start of the program
   64 00000062         ; R11 can be read anywhere in the code but must only be 
                       written to by this subroutine
   65 00000062 B50E    RNG     STMFD            R13!,{R1-R3, R14} ; Random Numb
                                                            er Generator 
   66 00000064 F40B 4100       AND              R1, R11, #0x8000
   67 00000068 F40B 5200       AND              R2, R11, #0x2000
   68 0000006C EA4F 0282       LSL              R2, #2
   69 00000070 EA81 0302       EOR              R3, R1, R2
   70 00000074 F40B 5180       AND              R1, R11, #0x1000
   71 00000078 EA4F 01C1       LSL              R1, #3
   72 0000007C EA83 0301       EOR              R3, R3, R1
   73 00000080 F40B 6180       AND              R1, R11, #0x0400
   74 00000084 EA4F 1141       LSL              R1, #5
   75 00000088 EA83 0301       EOR              R3, R3, R1  ; The new bit to go
                                                             into the LSB is pr
                                                            esent
   76 0000008C EA4F 33D3       LSR              R3, #15
   77 00000090 EA4F 0B4B       LSL              R11, #1
   78 00000094 EA4B 0B03       ORR              R11, R11, R3
   79 00000098 BD0E            LDMFD            R13!, {R1-R3, R15}
   80 0000009A         
   81 0000009A         ;*------------------------------------------------------
                       ------------- 
   82 0000009A         ; Subroutine DELAY ... Causes a delay of 100ms * R0 time
                       s
   83 0000009A         ;*------------------------------------------------------



ARM Macro Assembler    Page 3 


                       ------------- 
   84 0000009A         ;   aim for better than 10% accuracy
   85 0000009A B504    DELAY   STMFD            R13!,{R2, R14}
   86 0000009C         ;
   87 0000009C         ; code to generate a delay of 0.1mS * R0 times
   88 0000009C         ;
   89 0000009C         
   90 0000009C F090 0F00 
                       MultipleDelay
                               TEQ              R0, #0      ; test R0 to see if
                                                             it's 0 - set Zero 
                                                            flag so you can use
                                                             BEQ, BNE
   91 000000A0 D007            BEQ              exitDelay   ; need to modify fo
                                                            r 100ms
   92 000000A2 F240 7288 
              F2C0 0202        MOV32            R2, #0x00020788 ; introduce del
                                                            ay element, 0x00020
                                                            788 corresponds wit
                                                            h 100ms
   93 000000AA         delayLoop
   94 000000AA 3A01            SUBS             R2, #1
   95 000000AC D1FD            BNE              delayLoop
   96 000000AE 1E40            SUBS             R0, R0, #1  ; big # subtraction
                                                            
   97 000000B0 D1F4            BNE              MultipleDelay
   98 000000B2         
   99 000000B2 BD04    exitDelay
                               LDMFD            R13!,{R2, R15}
  100 000000B4         
  101 000000B4         ; The Interrupt Service Routine MUST be in the startup f
                       ile for simulation 
  102 000000B4         ;   to work correctly.  Add it where there is the label 
                       "EINT3_IRQHandler
  103 000000B4         ;
  104 000000B4         ;*------------------------------------------------------
                       ------------- 
  105 000000B4         ; Interrupt Service Routine (ISR) for EINT3_IRQHandler 
  106 000000B4         ;*------------------------------------------------------
                       ------------- 
  107 000000B4         ; This ISR handles the interrupt triggered when the INT0
                        push-button is pressed 
  108 000000B4         ; with the assumption that the interrupt activation is d
                       one in the main program
  109 000000B4         EINT3_IRQHandler
  110 000000B4 B504            STMFD            R13!,{R2, R14} ; Use this comma
                                                            nd if you need it  
                                                            
  111 000000B6         ;
  112 000000B6         ; Code that handles the interrupt 
  113 000000B6         ;
  114 000000B6 F00B 06FF       AND              R6, R11, #0xFF ; keep only the 
                                                            first 16 bits
  115 000000BA         
  116 000000BA         DISPLAYLOOP
  117 000000BA         ;turn off all the LEDS
  118 000000BA F04F 4330       MOV              R3, #0xB0000000
  119 000000BE F8CA 303C       STR              R3, [R10, #0x3C] ; turn off thr
                                                            ee LEDs on port 1  



ARM Macro Assembler    Page 4 


                                                            
  120 000000C2 F04F 037C       MOV              R3, #0x0000007C
  121 000000C6 F8CA 305C       STR              R3, [R10, #0x5C] ; turn off fiv
                                                            e LEDs on port 2 
  122 000000CA         
  123 000000CA F04F 0300       MOV              R3, #0      ; clears R3 (where 
                                                            we will store bits)
                                                            
  124 000000CE F366 635D       BFI              R3, R6, #25, #5 ; insert the fi
                                                            rst 5 bits of R7 in
                                                            to position 25 - 29
                                                             in R3
  125 000000D2 FA93 F3A3       RBIT             R3, R3      ; reverse R3 such t
                                                            hat MSB become LSB 
                                                            -> position 2 - 6
  126 000000D6 F36F 0301       BFC              R3, #0, #2
  127 000000DA F36F 13DF       BFC              R3, #7, #25 ; clear all other b
                                                            its in 32 bit range
                                                            
  128 000000DE F8CA 3058       STR              R3, [R10, #0x58] ; turn on the 
                                                            LEDS on port 2
  129 000000E2         
  130 000000E2 F04F 0300       MOV              R3, #0      ; clear r3
  131 000000E6         
  132 000000E6 F366 0348       BFI              R3, R6, #1, #8 ; insert 8 bits 
                                                            -> position 1 - 8
  133 000000EA F366 0305       BFI              R3, R6, #0, #6 ; insert 6 bits 
                                                            -> position 0 - 5
  134 000000EE EA4F 1353       LSR              R3, #5      ; shift right to ge
                                                            t only 4 bits
  135 000000F2 FA93 F3A3       RBIT             R3, R3      ; reverse R3 such t
                                                            hat LSB become MSB 
                                                            -> position 28 - 31
                                                            
  136 000000F6 F36F 739E       BFC              R3, #30, #1
  137 000000FA F36F 031B       BFC              R3, #0, #28 ; ckear all other b
                                                            its in 32 bit range
                                                            
  138 000000FE F8CA 3038       STR              R3, [R10, #0x38] ; turn on the 
                                                            LEDS on port 1
  139 00000102         
  140 00000102 F04F 000A       MOV              R0, #10     ; run for 1 seonds
  141 00000106 F7FF FFC8       BL               DELAY
  142 0000010A         
  143 0000010A 3E0A            SUBS             R6,#10
  144 0000010C D001            BEQ              FINAL
  145 0000010E D400            BMI              FINAL
  146 00000110         
  147 00000110 E7D3            B                DISPLAYLOOP
  148 00000112         FINAL
  149 00000112 4B05            LDR              R3, =IO2IntClr ; clears interru
                                                            pts when dealing wi
                                                            th it
  150 00000114 F44F 6480       MOV              R4,#0x0400
  151 00000118 601C            STR              R4,[R3]
  152 0000011A         
  153 0000011A BD04            LDMFD            R13!,{R2, R15} ; Use this comma
                                                            nd if you used STMF
                                                            D (otherwise use BX



ARM Macro Assembler    Page 5 


                                                             LR) 
  154 0000011C         
  155 0000011C         
  156 0000011C         ;*------------------------------------------------------
                       -------------
  157 0000011C         ; Below is a list of useful registers with their respect
                       ive memory addresses.
  158 0000011C         ;*------------------------------------------------------
                       ------------- 
  159 0000011C 2009C000 
                       LED_BASE_ADR
                               EQU              0x2009c000  ; Base address of t
                                                            he memory that cont
                                                            rols the LEDs 
  160 0000011C 4002C00C 
                       PINSEL3 EQU              0x4002C00C  ; Pin Select Regist
                                                            er 3 for P1[31:16]
  161 0000011C 4002C010 
                       PINSEL4 EQU              0x4002C010  ; Pin Select Regist
                                                            er 4 for P2[15:0]
  162 0000011C 2009C020 
                       FIO1DIR EQU              0x2009C020  ; Fast Input Output
                                                             Direction Register
                                                             for Port 1 
  163 0000011C 2009C040 
                       FIO2DIR EQU              0x2009C040  ; Fast Input Output
                                                             Direction Register
                                                             for Port 2 
  164 0000011C 2009C038 
                       FIO1SET EQU              0x2009C038  ; Fast Input Output
                                                             Set Register for P
                                                            ort 1 
  165 0000011C 2009C058 
                       FIO2SET EQU              0x2009C058  ; Fast Input Output
                                                             Set Register for P
                                                            ort 2 
  166 0000011C 2009C03C 
                       FIO1CLR EQU              0x2009C03C  ; Fast Input Output
                                                             Clear Register for
                                                             Port 1 
  167 0000011C 2009C05C 
                       FIO2CLR EQU              0x2009C05C  ; Fast Input Output
                                                             Clear Register for
                                                             Port 2 
  168 0000011C 400280B4 
                       IO2IntEnf
                               EQU              0x400280B4  ; GPIO Interrupt En
                                                            able for port 2 Fal
                                                            ling Edge 
  169 0000011C 400280AC 
                       IO2IntClr
                               EQU              0x400280AC
  170 0000011C E000E100 
                       ISER0   EQU              0xE000E100  ; Interrupt Set-Ena
                                                            ble Register 0 
  171 0000011C         
  172 0000011C                 ALIGN
  173 0000011C         
  174 0000011C                 END



ARM Macro Assembler    Page 6 


              2009C000 
              E000E100 
              400280B4 
              400280AC 
Command Line: --debug --xref --diag_suppress=9931 --cpu=Cortex-M3 --apcs=interw
ork --depend=.\objects\lab_4_program.d -o.\objects\lab_4_program.o -I.\RTE\_Tar
get_1 -IC:\keil_v5\Arm\Pack\Keil\LPC1700_DFP\2.6.0\Device\Include -IC:\Keil_v5\
ARM\CMSIS\Include --predefine="__EVAL SETA 1" --predefine="__UVISION_VERSION SE
TA 529" --predefine="LPC175x_6x SETA 1" --list=.\listings\lab_4_program.lst lab
_4_program.s



ARM Macro Assembler    Page 1 Alphabetic symbol ordering
Relocatable symbols

DELAY 0000009A

Symbol: DELAY
   Definitions
      At line 85 in file lab_4_program.s
   Uses
      At line 46 in file lab_4_program.s
      At line 54 in file lab_4_program.s
      At line 141 in file lab_4_program.s

DISPLAYLOOP 000000BA

Symbol: DISPLAYLOOP
   Definitions
      At line 116 in file lab_4_program.s
   Uses
      At line 147 in file lab_4_program.s
Comment: DISPLAYLOOP used once
EINT3_IRQHandler 000000B4

Symbol: EINT3_IRQHandler
   Definitions
      At line 109 in file lab_4_program.s
   Uses
      At line 9 in file lab_4_program.s
Comment: EINT3_IRQHandler used once
FINAL 00000112

Symbol: FINAL
   Definitions
      At line 148 in file lab_4_program.s
   Uses
      At line 144 in file lab_4_program.s
      At line 145 in file lab_4_program.s

LOOP 0000002C

Symbol: LOOP
   Definitions
      At line 35 in file lab_4_program.s
   Uses
      At line 56 in file lab_4_program.s
Comment: LOOP used once
MultipleDelay 0000009C

Symbol: MultipleDelay
   Definitions
      At line 90 in file lab_4_program.s
   Uses
      At line 97 in file lab_4_program.s
Comment: MultipleDelay used once
My_code 00000000

Symbol: My_code
   Definitions
      At line 7 in file lab_4_program.s
   Uses
      None
Comment: My_code unused



ARM Macro Assembler    Page 2 Alphabetic symbol ordering
Relocatable symbols

RNG 00000062

Symbol: RNG
   Definitions
      At line 65 in file lab_4_program.s
   Uses
      At line 36 in file lab_4_program.s
Comment: RNG used once
__MAIN 00000000

Symbol: __MAIN
   Definitions
      At line 12 in file lab_4_program.s
   Uses
      At line 8 in file lab_4_program.s
Comment: __MAIN used once
delayLoop 000000AA

Symbol: delayLoop
   Definitions
      At line 93 in file lab_4_program.s
   Uses
      At line 95 in file lab_4_program.s
Comment: delayLoop used once
exitDelay 000000B2

Symbol: exitDelay
   Definitions
      At line 99 in file lab_4_program.s
   Uses
      At line 91 in file lab_4_program.s
Comment: exitDelay used once
11 symbols



ARM Macro Assembler    Page 1 Alphabetic symbol ordering
Absolute symbols

FIO1CLR 2009C03C

Symbol: FIO1CLR
   Definitions
      At line 166 in file lab_4_program.s
   Uses
      None
Comment: FIO1CLR unused
FIO1DIR 2009C020

Symbol: FIO1DIR
   Definitions
      At line 162 in file lab_4_program.s
   Uses
      None
Comment: FIO1DIR unused
FIO1SET 2009C038

Symbol: FIO1SET
   Definitions
      At line 164 in file lab_4_program.s
   Uses
      None
Comment: FIO1SET unused
FIO2CLR 2009C05C

Symbol: FIO2CLR
   Definitions
      At line 167 in file lab_4_program.s
   Uses
      None
Comment: FIO2CLR unused
FIO2DIR 2009C040

Symbol: FIO2DIR
   Definitions
      At line 163 in file lab_4_program.s
   Uses
      None
Comment: FIO2DIR unused
FIO2SET 2009C058

Symbol: FIO2SET
   Definitions
      At line 165 in file lab_4_program.s
   Uses
      None
Comment: FIO2SET unused
IO2IntClr 400280AC

Symbol: IO2IntClr
   Definitions
      At line 169 in file lab_4_program.s
   Uses
      At line 149 in file lab_4_program.s
Comment: IO2IntClr used once
IO2IntEnf 400280B4

Symbol: IO2IntEnf



ARM Macro Assembler    Page 2 Alphabetic symbol ordering
Absolute symbols

   Definitions
      At line 168 in file lab_4_program.s
   Uses
      At line 26 in file lab_4_program.s
Comment: IO2IntEnf used once
ISER0 E000E100

Symbol: ISER0
   Definitions
      At line 170 in file lab_4_program.s
   Uses
      At line 22 in file lab_4_program.s
Comment: ISER0 used once
LED_BASE_ADR 2009C000

Symbol: LED_BASE_ADR
   Definitions
      At line 159 in file lab_4_program.s
   Uses
      At line 16 in file lab_4_program.s
Comment: LED_BASE_ADR used once
PINSEL3 4002C00C

Symbol: PINSEL3
   Definitions
      At line 160 in file lab_4_program.s
   Uses
      None
Comment: PINSEL3 unused
PINSEL4 4002C010

Symbol: PINSEL4
   Definitions
      At line 161 in file lab_4_program.s
   Uses
      None
Comment: PINSEL4 unused
12 symbols
358 symbols in table
